2022-07-21  INFO 79115 --- [main] c.s.t.r.ProjectRepositoryIntegrationTest : Starting ProjectRepositoryIntegrationTest using Java 18.0.2 on szalimben with PID 79115 (started by szalimben in /home/szalimben/Projects/task-manager/task-manager)
2022-07-21 DEBUG 79115 --- [main] c.s.t.r.ProjectRepositoryIntegrationTest : Running with Spring Boot v2.7.1, Spring v5.3.21
2022-07-21  INFO 79115 --- [main] c.s.t.r.ProjectRepositoryIntegrationTest : No active profile set, falling back to 1 default profile: "dev"
2022-07-21  INFO 79115 --- [main] .s.d.r.c.RepositoryConfigurationDelegate : Bootstrapping Spring Data JPA repositories in DEFAULT mode.
2022-07-21  INFO 79115 --- [main] .s.d.r.c.RepositoryConfigurationDelegate : Finished Spring Data repository scanning in 19 ms. Found 1 JPA repository interfaces.
2022-07-21  INFO 79115 --- [main] j.LocalContainerEntityManagerFactoryBean : Initialized JPA EntityManagerFactory for persistence unit 'default'
2022-07-21 DEBUG 79115 --- [main] c.s.t.service.imp.ProjectService         : saveProject Project{id=-7452757967667379228, internalId='null', name='My First Project', dateCreated=2022-07-21}
2022-07-21  WARN 79115 --- [main] JpaBaseConfiguration$JpaWebConfiguration : spring.jpa.open-in-view is enabled by default. Therefore, database queries may be performed during view rendering. Explicitly configure spring.jpa.open-in-view to disable this warning
2022-07-21  INFO 79115 --- [main] o.s.b.a.e.web.EndpointLinksResolver      : Exposing 1 endpoint(s) beneath base path '/monitoring'
2022-07-21  INFO 79115 --- [main] c.s.t.r.ProjectRepositoryIntegrationTest : Started ProjectRepositoryIntegrationTest in 2.398 seconds (JVM running for 2.962)
2022-07-21  INFO 79115 --- [SpringApplicationShutdownHook] j.LocalContainerEntityManagerFactoryBean : Closing JPA EntityManagerFactory for persistence unit 'default'
2022-07-21  INFO 79213 --- [main] c.s.t.r.ProjectRepositoryIntegrationTest : Starting ProjectRepositoryIntegrationTest using Java 18.0.2 on szalimben with PID 79213 (started by szalimben in /home/szalimben/Projects/task-manager/task-manager)
2022-07-21 DEBUG 79213 --- [main] c.s.t.r.ProjectRepositoryIntegrationTest : Running with Spring Boot v2.7.1, Spring v5.3.21
2022-07-21  INFO 79213 --- [main] c.s.t.r.ProjectRepositoryIntegrationTest : No active profile set, falling back to 1 default profile: "dev"
2022-07-21  INFO 79213 --- [main] .s.d.r.c.RepositoryConfigurationDelegate : Bootstrapping Spring Data JPA repositories in DEFAULT mode.
2022-07-21  INFO 79213 --- [main] .s.d.r.c.RepositoryConfigurationDelegate : Finished Spring Data repository scanning in 17 ms. Found 1 JPA repository interfaces.
2022-07-21  INFO 79213 --- [main] j.LocalContainerEntityManagerFactoryBean : Initialized JPA EntityManagerFactory for persistence unit 'default'
2022-07-21 DEBUG 79213 --- [main] c.s.t.service.imp.ProjectService         : saveProject Project{id=-5996148578252460870, internalId='null', name='My First Project', dateCreated=2022-07-21}
2022-07-21  WARN 79213 --- [main] JpaBaseConfiguration$JpaWebConfiguration : spring.jpa.open-in-view is enabled by default. Therefore, database queries may be performed during view rendering. Explicitly configure spring.jpa.open-in-view to disable this warning
2022-07-21  INFO 79213 --- [main] o.s.b.a.e.web.EndpointLinksResolver      : Exposing 1 endpoint(s) beneath base path '/monitoring'
2022-07-21  INFO 79213 --- [main] c.s.t.r.ProjectRepositoryIntegrationTest : Started ProjectRepositoryIntegrationTest in 2.265 seconds (JVM running for 2.821)
2022-07-21  INFO 79213 --- [SpringApplicationShutdownHook] j.LocalContainerEntityManagerFactoryBean : Closing JPA EntityManagerFactory for persistence unit 'default'
2022-07-21  INFO 79302 --- [main] c.s.t.r.ProjectRepositoryIntegrationTest : Starting ProjectRepositoryIntegrationTest using Java 18.0.2 on szalimben with PID 79302 (started by szalimben in /home/szalimben/Projects/task-manager/task-manager)
2022-07-21 DEBUG 79302 --- [main] c.s.t.r.ProjectRepositoryIntegrationTest : Running with Spring Boot v2.7.1, Spring v5.3.21
2022-07-21  INFO 79302 --- [main] c.s.t.r.ProjectRepositoryIntegrationTest : No active profile set, falling back to 1 default profile: "dev"
2022-07-21  INFO 79302 --- [main] .s.d.r.c.RepositoryConfigurationDelegate : Bootstrapping Spring Data JPA repositories in DEFAULT mode.
2022-07-21  INFO 79302 --- [main] .s.d.r.c.RepositoryConfigurationDelegate : Finished Spring Data repository scanning in 17 ms. Found 1 JPA repository interfaces.
2022-07-21  INFO 79302 --- [main] j.LocalContainerEntityManagerFactoryBean : Initialized JPA EntityManagerFactory for persistence unit 'default'
2022-07-21 DEBUG 79302 --- [main] c.s.t.service.imp.ProjectService         : saveProject Project{id=-3324311045508844893, internalId='null', name='My First Project', dateCreated=2022-07-21}
2022-07-21  WARN 79302 --- [main] JpaBaseConfiguration$JpaWebConfiguration : spring.jpa.open-in-view is enabled by default. Therefore, database queries may be performed during view rendering. Explicitly configure spring.jpa.open-in-view to disable this warning
2022-07-21  INFO 79302 --- [main] o.s.b.a.e.web.EndpointLinksResolver      : Exposing 1 endpoint(s) beneath base path '/monitoring'
2022-07-21  INFO 79302 --- [main] c.s.t.r.ProjectRepositoryIntegrationTest : Started ProjectRepositoryIntegrationTest in 2.353 seconds (JVM running for 2.952)
2022-07-21  INFO 79302 --- [SpringApplicationShutdownHook] j.LocalContainerEntityManagerFactoryBean : Closing JPA EntityManagerFactory for persistence unit 'default'
2022-07-21  INFO 79522 --- [main] c.s.t.r.ProjectRepositoryIntegrationTest : Starting ProjectRepositoryIntegrationTest using Java 18.0.2 on szalimben with PID 79522 (started by szalimben in /home/szalimben/Projects/task-manager/task-manager)
2022-07-21 DEBUG 79522 --- [main] c.s.t.r.ProjectRepositoryIntegrationTest : Running with Spring Boot v2.7.1, Spring v5.3.21
2022-07-21  INFO 79522 --- [main] c.s.t.r.ProjectRepositoryIntegrationTest : No active profile set, falling back to 1 default profile: "dev"
2022-07-21  INFO 79522 --- [main] .s.d.r.c.RepositoryConfigurationDelegate : Bootstrapping Spring Data JPA repositories in DEFAULT mode.
2022-07-21  INFO 79522 --- [main] .s.d.r.c.RepositoryConfigurationDelegate : Finished Spring Data repository scanning in 18 ms. Found 1 JPA repository interfaces.
2022-07-21  INFO 79522 --- [main] j.LocalContainerEntityManagerFactoryBean : Initialized JPA EntityManagerFactory for persistence unit 'default'
2022-07-21 DEBUG 79522 --- [main] c.s.t.service.imp.ProjectService         : saveProject Project{id=8949939755214179883, internalId='null', name='My First Project', dateCreated=2022-07-21}
2022-07-21  WARN 79522 --- [main] JpaBaseConfiguration$JpaWebConfiguration : spring.jpa.open-in-view is enabled by default. Therefore, database queries may be performed during view rendering. Explicitly configure spring.jpa.open-in-view to disable this warning
2022-07-21  INFO 79522 --- [main] o.s.b.a.e.web.EndpointLinksResolver      : Exposing 1 endpoint(s) beneath base path '/monitoring'
2022-07-21  INFO 79522 --- [main] c.s.t.r.ProjectRepositoryIntegrationTest : Started ProjectRepositoryIntegrationTest in 2.462 seconds (JVM running for 3.03)
2022-07-21  INFO 79522 --- [SpringApplicationShutdownHook] j.LocalContainerEntityManagerFactoryBean : Closing JPA EntityManagerFactory for persistence unit 'default'
2022-07-21  INFO 79605 --- [main] c.s.t.r.ProjectRepositoryIntegrationTest : Starting ProjectRepositoryIntegrationTest using Java 18.0.2 on szalimben with PID 79605 (started by szalimben in /home/szalimben/Projects/task-manager/task-manager)
2022-07-21 DEBUG 79605 --- [main] c.s.t.r.ProjectRepositoryIntegrationTest : Running with Spring Boot v2.7.1, Spring v5.3.21
2022-07-21  INFO 79605 --- [main] c.s.t.r.ProjectRepositoryIntegrationTest : No active profile set, falling back to 1 default profile: "dev"
2022-07-21  INFO 79605 --- [main] .s.d.r.c.RepositoryConfigurationDelegate : Bootstrapping Spring Data JPA repositories in DEFAULT mode.
2022-07-21  INFO 79605 --- [main] .s.d.r.c.RepositoryConfigurationDelegate : Finished Spring Data repository scanning in 17 ms. Found 1 JPA repository interfaces.
2022-07-21  INFO 79605 --- [main] j.LocalContainerEntityManagerFactoryBean : Initialized JPA EntityManagerFactory for persistence unit 'default'
2022-07-21 DEBUG 79605 --- [main] c.s.t.service.imp.ProjectService         : saveProject Project{id=2752930318779108470, internalId='null', name='My First Project', dateCreated=2022-07-21}
2022-07-21  WARN 79605 --- [main] JpaBaseConfiguration$JpaWebConfiguration : spring.jpa.open-in-view is enabled by default. Therefore, database queries may be performed during view rendering. Explicitly configure spring.jpa.open-in-view to disable this warning
2022-07-21  INFO 79605 --- [main] o.s.b.a.e.web.EndpointLinksResolver      : Exposing 1 endpoint(s) beneath base path '/monitoring'
2022-07-21  INFO 79605 --- [main] c.s.t.r.ProjectRepositoryIntegrationTest : Started ProjectRepositoryIntegrationTest in 2.3 seconds (JVM running for 2.84)
2022-07-21  INFO 79605 --- [SpringApplicationShutdownHook] j.LocalContainerEntityManagerFactoryBean : Closing JPA EntityManagerFactory for persistence unit 'default'
2022-07-21  INFO 79703 --- [main] c.s.t.r.ProjectRepositoryIntegrationTest : Starting ProjectRepositoryIntegrationTest using Java 18.0.2 on szalimben with PID 79703 (started by szalimben in /home/szalimben/Projects/task-manager/task-manager)
2022-07-21 DEBUG 79703 --- [main] c.s.t.r.ProjectRepositoryIntegrationTest : Running with Spring Boot v2.7.1, Spring v5.3.21
2022-07-21  INFO 79703 --- [main] c.s.t.r.ProjectRepositoryIntegrationTest : No active profile set, falling back to 1 default profile: "dev"
2022-07-21  INFO 79703 --- [main] .s.d.r.c.RepositoryConfigurationDelegate : Bootstrapping Spring Data JPA repositories in DEFAULT mode.
2022-07-21  INFO 79703 --- [main] .s.d.r.c.RepositoryConfigurationDelegate : Finished Spring Data repository scanning in 17 ms. Found 1 JPA repository interfaces.
2022-07-21  INFO 79703 --- [main] j.LocalContainerEntityManagerFactoryBean : Initialized JPA EntityManagerFactory for persistence unit 'default'
2022-07-21 DEBUG 79703 --- [main] c.s.t.service.imp.ProjectService         : saveProject Project{id=7823930308113537366, internalId='null', name='My First Project', dateCreated=2022-07-21}
2022-07-21  WARN 79703 --- [main] JpaBaseConfiguration$JpaWebConfiguration : spring.jpa.open-in-view is enabled by default. Therefore, database queries may be performed during view rendering. Explicitly configure spring.jpa.open-in-view to disable this warning
2022-07-21  INFO 79703 --- [main] o.s.b.a.e.web.EndpointLinksResolver      : Exposing 1 endpoint(s) beneath base path '/monitoring'
2022-07-21  INFO 79703 --- [main] c.s.t.r.ProjectRepositoryIntegrationTest : Started ProjectRepositoryIntegrationTest in 2.5 seconds (JVM running for 3.125)
2022-07-21  INFO 79703 --- [SpringApplicationShutdownHook] j.LocalContainerEntityManagerFactoryBean : Closing JPA EntityManagerFactory for persistence unit 'default'
2022-07-21  INFO 81649 --- [main] c.s.t.s.ProjectServiceIntegrationTest    : Starting ProjectServiceIntegrationTest using Java 18.0.2 on szalimben with PID 81649 (started by szalimben in /home/szalimben/Projects/task-manager/task-manager)
2022-07-21 DEBUG 81649 --- [main] c.s.t.s.ProjectServiceIntegrationTest    : Running with Spring Boot v2.7.1, Spring v5.3.21
2022-07-21  INFO 81649 --- [main] c.s.t.s.ProjectServiceIntegrationTest    : No active profile set, falling back to 1 default profile: "default"
2022-07-21  INFO 81649 --- [main] .s.d.r.c.RepositoryConfigurationDelegate : Bootstrapping Spring Data JPA repositories in DEFAULT mode.
2022-07-21  INFO 81649 --- [main] .s.d.r.c.RepositoryConfigurationDelegate : Finished Spring Data repository scanning in 18 ms. Found 1 JPA repository interfaces.
2022-07-21  INFO 81649 --- [main] j.LocalContainerEntityManagerFactoryBean : Initialized JPA EntityManagerFactory for persistence unit 'default'
2022-07-21 DEBUG 81649 --- [main] c.s.t.service.imp.ProjectService         : saveProject Project{id=-6471887236015145569, name='My First Project', dateCreated=2022-07-21}
2022-07-21  WARN 81649 --- [main] JpaBaseConfiguration$JpaWebConfiguration : spring.jpa.open-in-view is enabled by default. Therefore, database queries may be performed during view rendering. Explicitly configure spring.jpa.open-in-view to disable this warning
2022-07-21  INFO 81649 --- [main] o.s.b.a.e.web.EndpointLinksResolver      : Exposing 1 endpoint(s) beneath base path '/monitoring'
2022-07-21  INFO 81649 --- [main] c.s.t.s.ProjectServiceIntegrationTest    : Started ProjectServiceIntegrationTest in 2.09 seconds (JVM running for 2.968)
2022-07-21 DEBUG 81649 --- [main] c.s.t.service.imp.ProjectService         : saveProject Project{id=6182906243702246527, name='Save Existing Project', dateCreated=2022-07-21}
2022-07-21 DEBUG 81649 --- [main] c.s.t.service.imp.ProjectService         : findById 6182906243702246527
2022-07-21 DEBUG 81649 --- [main] c.s.t.service.imp.ProjectService         : saveProject Project{id=7602398136011641771, name='Test Project', dateCreated=2022-07-21}
2022-07-21 DEBUG 81649 --- [main] c.s.t.service.imp.ProjectService         : findById 7602398136011641771
2022-07-21  INFO 81649 --- [main] .b.t.c.SpringBootTestContextBootstrapper : Neither @ContextConfiguration nor @ContextHierarchy found for test class [com.szalimben.taskmanager.repository.ProjectRepositoryIntegrationTest], using SpringBootContextLoader
2022-07-21  INFO 81649 --- [main] o.s.t.c.support.AbstractContextLoader    : Could not detect default resource locations for test class [com.szalimben.taskmanager.repository.ProjectRepositoryIntegrationTest]: no resource found for suffixes {-context.xml, Context.groovy}.
2022-07-21  INFO 81649 --- [main] t.c.s.AnnotationConfigContextLoaderUtils : Could not detect default configuration classes for test class [com.szalimben.taskmanager.repository.ProjectRepositoryIntegrationTest]: ProjectRepositoryIntegrationTest does not declare any static, non-private, non-final, nested classes annotated with @Configuration.
2022-07-21  INFO 81649 --- [main] .b.t.c.SpringBootTestContextBootstrapper : Found @SpringBootConfiguration com.szalimben.taskmanager.TaskManagerApplication for test class com.szalimben.taskmanager.repository.ProjectRepositoryIntegrationTest
2022-07-21  INFO 81649 --- [main] .b.t.c.SpringBootTestContextBootstrapper : Loaded default TestExecutionListener class names from location [META-INF/spring.factories]: [org.springframework.boot.test.mock.mockito.MockitoTestExecutionListener, org.springframework.boot.test.mock.mockito.ResetMocksTestExecutionListener, org.springframework.boot.test.autoconfigure.restdocs.RestDocsTestExecutionListener, org.springframework.boot.test.autoconfigure.web.client.MockRestServiceServerResetTestExecutionListener, org.springframework.boot.test.autoconfigure.web.servlet.MockMvcPrintOnlyOnFailureTestExecutionListener, org.springframework.boot.test.autoconfigure.web.servlet.WebDriverTestExecutionListener, org.springframework.boot.test.autoconfigure.webservices.client.MockWebServiceServerTestExecutionListener, org.springframework.test.context.web.ServletTestExecutionListener, org.springframework.test.context.support.DirtiesContextBeforeModesTestExecutionListener, org.springframework.test.context.event.ApplicationEventsTestExecutionListener, org.springframework.test.context.support.DependencyInjectionTestExecutionListener, org.springframework.test.context.support.DirtiesContextTestExecutionListener, org.springframework.test.context.transaction.TransactionalTestExecutionListener, org.springframework.test.context.jdbc.SqlScriptsTestExecutionListener, org.springframework.test.context.event.EventPublishingTestExecutionListener]
2022-07-21  INFO 81649 --- [main] .b.t.c.SpringBootTestContextBootstrapper : Using TestExecutionListeners: [org.springframework.test.context.web.ServletTestExecutionListener@2eb73a42, org.springframework.test.context.support.DirtiesContextBeforeModesTestExecutionListener@188b9a1e, org.springframework.test.context.event.ApplicationEventsTestExecutionListener@423d662a, org.springframework.boot.test.mock.mockito.MockitoTestExecutionListener@5d56c2d2, org.springframework.boot.test.autoconfigure.SpringBootDependencyInjectionTestExecutionListener@4a249610, org.springframework.test.context.support.DirtiesContextTestExecutionListener@ebbbe20, org.springframework.test.context.transaction.TransactionalTestExecutionListener@279e85eb, org.springframework.test.context.jdbc.SqlScriptsTestExecutionListener@4cb59398, org.springframework.test.context.event.EventPublishingTestExecutionListener@22cf1808, org.springframework.boot.test.mock.mockito.ResetMocksTestExecutionListener@7156f8cf, org.springframework.boot.test.autoconfigure.restdocs.RestDocsTestExecutionListener@22349ad3, org.springframework.boot.test.autoconfigure.web.client.MockRestServiceServerResetTestExecutionListener@42fdf45e, org.springframework.boot.test.autoconfigure.web.servlet.MockMvcPrintOnlyOnFailureTestExecutionListener@1828ab51, org.springframework.boot.test.autoconfigure.web.servlet.WebDriverTestExecutionListener@5e7ea81b, org.springframework.boot.test.autoconfigure.webservices.client.MockWebServiceServerTestExecutionListener@589a4305]
2022-07-21  INFO 81649 --- [SpringApplicationShutdownHook] j.LocalContainerEntityManagerFactoryBean : Closing JPA EntityManagerFactory for persistence unit 'default'
